-------------------------------------------------------------------------------
Test set: registration.RegisterNewUserParameterizedTest
-------------------------------------------------------------------------------
Tests run: 13, Failures: 10, Errors: 0, Skipped: 0, Time elapsed: 3.635 s <<< FAILURE! - in registration.RegisterNewUserParameterizedTest
checkRegisterNewUserWithIncorrectParameters[Test Data for email, pas, name: "[asd@gmail, UWrtNQqzjm, CytRWKF zmmLEuZQfc]"](registration.RegisterNewUserParameterizedTest)  Time elapsed: 0.466 s  <<< FAILURE!
java.lang.AssertionError: Server returns 5** error. Fix it please
	at registration.RegisterNewUserParameterizedTest.checkRegisterNewUserWithIncorrectParameters(RegisterNewUserParameterizedTest.java:72)

checkRegisterNewUserWithIncorrectParameters[Test Data for email, pas, name: "[asdgmail.ru, UWrtNQqzjm, CytRWKF zmmLEuZQfc]"](registration.RegisterNewUserParameterizedTest)  Time elapsed: 0.24 s  <<< FAILURE!
java.lang.AssertionError: expected:<400> but was:<403>
	at registration.RegisterNewUserParameterizedTest.checkRegisterNewUserWithIncorrectParameters(RegisterNewUserParameterizedTest.java:72)

checkRegisterNewUserWithIncorrectParameters[Test Data for email, pas, name: "[ , UWrtNQqzjm, CytRWKF zmmLEuZQfc]"](registration.RegisterNewUserParameterizedTest)  Time elapsed: 0.143 s  <<< FAILURE!
java.lang.AssertionError: expected:<400> but was:<403>
	at registration.RegisterNewUserParameterizedTest.checkRegisterNewUserWithIncorrectParameters(RegisterNewUserParameterizedTest.java:72)

checkRegisterNewUserWithIncorrectParameters[Test Data for email, pas, name: "[ Ab1654507248610@gmail.com, UWrtNQqzjm, CytRWKF zmmLEuZQfc]"](registration.RegisterNewUserParameterizedTest)  Time elapsed: 0.233 s  <<< FAILURE!
java.lang.AssertionError: expected:<400> but was:<200>
	at registration.RegisterNewUserParameterizedTest.checkRegisterNewUserWithIncorrectParameters(RegisterNewUserParameterizedTest.java:72)

checkRegisterNewUserWithIncorrectParameters[Test Data for email, pas, name: "[Ab1654507248610@gmail.com , UWrtNQqzjm, CytRWKF zmmLEuZQfc]"](registration.RegisterNewUserParameterizedTest)  Time elapsed: 0.142 s  <<< FAILURE!
java.lang.AssertionError: expected:<400> but was:<403>
	at registration.RegisterNewUserParameterizedTest.checkRegisterNewUserWithIncorrectParameters(RegisterNewUserParameterizedTest.java:72)

checkRegisterNewUserWithIncorrectParameters[Test Data for email, pas, name: "[CytRWKF zmmLEuZQfc @gmail.com, UWrtNQqzjm, CytRWKF zmmLEuZQfc]"](registration.RegisterNewUserParameterizedTest)  Time elapsed: 0.236 s  <<< FAILURE!
java.lang.AssertionError: Server returns 5** error. Fix it please
	at registration.RegisterNewUserParameterizedTest.checkRegisterNewUserWithIncorrectParameters(RegisterNewUserParameterizedTest.java:72)

checkRegisterNewUserWithIncorrectParameters[Test Data for email, pas, name: "[CytRWKF zmmLEuZQfc@ gmail.com, UWrtNQqzjm, CytRWKF zmmLEuZQfc]"](registration.RegisterNewUserParameterizedTest)  Time elapsed: 0.286 s  <<< FAILURE!
java.lang.AssertionError: Server returns 5** error. Fix it please
	at registration.RegisterNewUserParameterizedTest.checkRegisterNewUserWithIncorrectParameters(RegisterNewUserParameterizedTest.java:72)

checkRegisterNewUserWithIncorrectParameters[Test Data for email, pas, name: "[CytRWKF zmmLEuZQfc@gmai.l.com, UWrtNQqzjm, CytRWKF zmmLEuZQfc]"](registration.RegisterNewUserParameterizedTest)  Time elapsed: 0.227 s  <<< FAILURE!
java.lang.AssertionError: expected:<400> but was:<429>
	at registration.RegisterNewUserParameterizedTest.checkRegisterNewUserWithIncorrectParameters(RegisterNewUserParameterizedTest.java:72)

checkRegisterNewUserWithIncorrectParameters[Test Data for email, pas, name: "[русский@пьфш.ру, UWrtNQqzjm, CytRWKF zmmLEuZQfc]"](registration.RegisterNewUserParameterizedTest)  Time elapsed: 0.173 s  <<< FAILURE!
java.lang.AssertionError: expected:<400> but was:<403>
	at registration.RegisterNewUserParameterizedTest.checkRegisterNewUserWithIncorrectParameters(RegisterNewUserParameterizedTest.java:72)

checkRegisterNewUserWithIncorrectParameters[Test Data for email, pas, name: "[1Ab1654507248610@gmail.com, UWrtNQqzjm, CytRWKF zmmLEuZQfc]"](registration.RegisterNewUserParameterizedTest)  Time elapsed: 0.318 s  <<< FAILURE!
java.lang.AssertionError: expected:<400> but was:<200>
	at registration.RegisterNewUserParameterizedTest.checkRegisterNewUserWithIncorrectParameters(RegisterNewUserParameterizedTest.java:72)

