<?xml version="1.0" encoding="UTF-8"?>
<testsuite xmlns:xsi="http://www.w3.org/2001/XMLSchema-instance" xsi:noNamespaceSchemaLocation="https://maven.apache.org/surefire/maven-surefire-plugin/xsd/surefire-test-report.xsd" name="login.LoginTest" time="1.825" tests="3" errors="0" skipped="0" failures="0">
  <properties>
[...]
</properties>
  <testcase name="checkSC200AndResponseAfterSuccessfulLoginUser" classname="login.LoginTest" time="0.815"/>
  <testcase name="checkSC401AndResponseAfterLoginWithIncorrectEmail" classname="login.LoginTest" time="0.473"/>
  <testcase name="checkSC401AndResponseAfterLoginWithIncorrectPassword" classname="login.LoginTest" time="0.534"/>
</testsuite>