-------------------------------------------------------------------------------
Test set: updateuserinfo.UpdateUserInfoTest
-------------------------------------------------------------------------------
Tests run: 8, Failures: 1, Errors: 0, Skipped: 0, Time elapsed: 7.531 s <<< FAILURE! - in updateuserinfo.UpdateUserInfoTest
checkSC403AndResponseAfterFailedUpdatingUserInfoToTheSameEmail(updateuserinfo.UpdateUserInfoTest)  Time elapsed: 1.159 s  <<< FAILURE!
java.lang.AssertionError: SC should be 403 expected:<403> but was:<200>
	at updateuserinfo.UpdateUserInfoTest.checkSC403AndResponseAfterFailedUpdatingUserInfoToTheSameEmail(UpdateUserInfoTest.java:124)

